
> frontend@0.1.0 dev
> next dev

   ▲ Next.js 16.0.3 (Turbopack)
   - Local:         http://localhost:3000
   - Network:       http://192.168.1.42:3000

 ✓ Starting...
 ✓ Ready in 786ms
 GET /curation 200 in 2.1s (compile: 1972ms, render: 153ms)
 GET /curation 200 in 101ms (compile: 6ms, render: 94ms)
 GET / 200 in 542ms (compile: 529ms, render: 13ms)
 GET /trends 200 in 228ms (compile: 220ms, render: 8ms)
 GET / 200 in 18ms (compile: 5ms, render: 13ms)
 GET /trends 200 in 18ms (compile: 4ms, render: 14ms)
 ⚠ Fast Refresh had to perform a full reload when ./src/lib/api.ts changed. Read more: https://nextjs.org/docs/messages/fast-refresh-reload
 ⚠ Fast Refresh had to perform a full reload when ./src/lib/api.ts changed. Read more: https://nextjs.org/docs/messages/fast-refresh-reload
 ✓ Compiled in 44ms
 GET /trends 200 in 152ms (compile: 52ms, render: 100ms)
 GET /trends 200 in 90ms (compile: 9ms, render: 81ms)
 ✓ Compiled in 124ms
 GET /trends 200 in 205ms (compile: 115ms, render: 90ms)
 GET /trends 200 in 67ms (compile: 4ms, render: 63ms)
 GET /trends 200 in 121ms (compile: 3ms, render: 118ms)
 GET /trends 200 in 16ms (compile: 5ms, render: 11ms)
 GET /curation 200 in 63ms (compile: 54ms, render: 10ms)
 ⚠ Fast Refresh had to perform a full reload when ./src/lib/api.ts changed. Read more: https://nextjs.org/docs/messages/fast-refresh-reload
 ⚠ Fast Refresh had to perform a full reload when ./src/lib/api.ts changed. Read more: https://nextjs.org/docs/messages/fast-refresh-reload
 ⚠ Fast Refresh had to perform a full reload when ./src/lib/api.ts changed. Read more: https://nextjs.org/docs/messages/fast-refresh-reload
 ✓ Compiled in 38ms
 GET /curation 200 in 1854ms (compile: 92ms, render: 1762ms)
 GET /trends 200 in 1856ms (compile: 973ms, render: 883ms)
 GET /trends 200 in 335ms (compile: 5ms, render: 330ms)
 GET /trends 200 in 218ms (compile: 93ms, render: 125ms)
 GET /curation 200 in 222ms (compile: 137ms, render: 86ms)
 GET /trends 200 in 116ms (compile: 4ms, render: 112ms)
 GET /curation 200 in 83ms (compile: 10ms, render: 73ms)
 GET /trends 200 in 84ms (compile: 21ms, render: 63ms)
 GET /trends 200 in 69ms (compile: 3ms, render: 66ms)
 GET /trends 200 in 71ms (compile: 16ms, render: 54ms)
 GET /curation 200 in 73ms (compile: 4ms, render: 68ms)
 GET /trends 200 in 91ms (compile: 1889µs, render: 89ms)
 GET /trends 200 in 97ms (compile: 8ms, render: 88ms)
 GET /curation 200 in 78ms (compile: 5ms, render: 72ms)
 GET /trends 200 in 90ms (compile: 12ms, render: 78ms)
 GET /trends 200 in 58ms (compile: 8ms, render: 50ms)
 GET /curation 200 in 35ms (compile: 3ms, render: 32ms)
 GET /trends 200 in 22ms (compile: 2ms, render: 20ms)
 GET /trends 200 in 45ms (compile: 4ms, render: 41ms)
 GET /curation 200 in 46ms (compile: 15ms, render: 31ms)
 GET /trends 200 in 51ms (compile: 1224µs, render: 49ms)
 GET /trends 200 in 48ms (compile: 7ms, render: 41ms)
 GET /curation 200 in 43ms (compile: 10ms, render: 34ms)
 GET /trends 200 in 25ms (compile: 5ms, render: 20ms)
 GET /curation 200 in 61ms (compile: 1612µs, render: 59ms)
 GET /trends 200 in 68ms (compile: 17ms, render: 51ms)
 GET /trends 200 in 76ms (compile: 4ms, render: 72ms)
 GET /trends 200 in 58ms (compile: 32ms, render: 25ms)
 GET /curation 200 in 61ms (compile: 14ms, render: 46ms)
 GET /trends 200 in 51ms (compile: 2ms, render: 48ms)
 GET /trends 200 in 40ms (compile: 11ms, render: 29ms)
 GET /curation 200 in 43ms (compile: 6ms, render: 38ms)
 GET /trends 200 in 41ms (compile: 3ms, render: 37ms)
 GET /trends 200 in 33ms (compile: 1151µs, render: 31ms)
 GET /curation 200 in 38ms (compile: 1639µs, render: 36ms)
 GET /trends 200 in 38ms (compile: 1224µs, render: 36ms)
 GET /trends 200 in 37ms (compile: 1272µs, render: 36ms)
 GET /curation 200 in 30ms (compile: 4ms, render: 26ms)
 GET /trends 200 in 18ms (compile: 3ms, render: 15ms)
 GET /trends 200 in 33ms (compile: 5ms, render: 29ms)
 GET /curation 200 in 38ms (compile: 12ms, render: 26ms)
 GET /trends 200 in 40ms (compile: 1394µs, render: 38ms)
 GET /curation 200 in 39ms (compile: 1674µs, render: 37ms)
 GET /trends 200 in 38ms (compile: 10ms, render: 29ms)
 GET /trends 200 in 37ms (compile: 1409µs, render: 36ms)
 GET /trends 200 in 37ms (compile: 1655µs, render: 35ms)
 GET /curation 200 in 41ms (compile: 12ms, render: 29ms)
 GET /trends 200 in 39ms (compile: 3ms, render: 37ms)
 GET /trends 200 in 33ms (compile: 1401µs, render: 32ms)
 GET /curation 200 in 36ms (compile: 9ms, render: 27ms)
 GET /trends 200 in 39ms (compile: 1304µs, render: 38ms)
 GET /trends 200 in 47ms (compile: 1318µs, render: 46ms)
 GET /curation 200 in 50ms (compile: 12ms, render: 38ms)
 GET /trends 200 in 69ms (compile: 5ms, render: 64ms)
 GET /trends 200 in 56ms (compile: 3ms, render: 53ms)
 GET /curation 200 in 56ms (compile: 16ms, render: 40ms)
 GET /trends 200 in 39ms (compile: 1346µs, render: 37ms)
 GET /trends 200 in 34ms (compile: 1747µs, render: 32ms)
 GET /curation 200 in 35ms (compile: 9ms, render: 26ms)
 GET /trends 200 in 17ms (compile: 1226µs, render: 15ms)
 GET /curation 200 in 44ms (compile: 2ms, render: 42ms)
 GET /trends 200 in 46ms (compile: 12ms, render: 34ms)
 GET /trends 200 in 41ms (compile: 3ms, render: 38ms)
 GET /trends 200 in 36ms (compile: 10ms, render: 26ms)
 GET /curation 200 in 38ms (compile: 2ms, render: 36ms)
 GET /trends 200 in 45ms (compile: 1221µs, render: 44ms)
 GET /trends 200 in 45ms (compile: 3ms, render: 43ms)
 GET /curation 200 in 46ms (compile: 18ms, render: 28ms)
 GET /trends 200 in 39ms (compile: 1223µs, render: 38ms)
 GET /trends 200 in 43ms (compile: 3ms, render: 40ms)
 GET /curation 200 in 37ms (compile: 3ms, render: 33ms)
 GET /trends 200 in 35ms (compile: 2ms, render: 32ms)
 GET /curation 200 in 24ms (compile: 3ms, render: 21ms)
 GET /trends 200 in 35ms (compile: 2ms, render: 33ms)
 GET /trends 200 in 41ms (compile: 1177µs, render: 40ms)
 GET /trends 200 in 44ms (compile: 1167µs, render: 43ms)
 GET /curation 200 in 46ms (compile: 12ms, render: 34ms)
 GET /trends 200 in 44ms (compile: 3ms, render: 41ms)
 GET /curation 200 in 76ms (compile: 2ms, render: 74ms)
 GET /trends 200 in 92ms (compile: 11ms, render: 82ms)
 GET /trends 200 in 73ms (compile: 1738µs, render: 71ms)
 ✓ Compiled in 68ms
 ✓ Compiled in 429ms
 ✓ Compiled in 738ms
 ✓ Compiled in 59ms
 GET /curation 200 in 305ms (compile: 142ms, render: 164ms)
 GET /curation 200 in 20ms (compile: 6ms, render: 14ms)
 GET /curation 200 in 58ms (compile: 3ms, render: 55ms)
 ✓ Compiled in 313ms
 ✓ Compiled in 624ms
 ✓ Compiled in 118ms
 ⨯ ./src/app/layout.tsx:23:25
Parsing ecmascript source code failed
[0m [90m 21 |[39m [32m  return ([39m
 [90m 22 |[39m [32m    <html lang="en">[39m
[31m[1m>[22m[39m[90m 23 |[39m [32m      <body className={`[39m${ inter[33m.[39mvariable } ${ playfair[33m.[39mvariable } font [33m-[39m sans bg [33m-[39m background text [33m-[39m foreground antialiased[32m`}>[39m
 [90m    |[39m                         [31m[1m^[22m[39m
 [90m 24 |[39m [32m        <Navbar />[39m
 [90m 25 |[39m [32m        <main className="min-h-screen bg-background">[39m
 [90m 26 |[39m [32m          {children}[39m[0m

Expected ';', '}' or <eof>


 GET /curation 500 in 598ms (compile: 499ms, render: 99ms)
 ⨯ ./src/app/layout.tsx:23:25
Parsing ecmascript source code failed
[0m [90m 21 |[39m [32m  return ([39m
 [90m 22 |[39m [32m    <html lang="en">[39m
[31m[1m>[22m[39m[90m 23 |[39m [32m      <body className={`[39m${ inter[33m.[39mvariable } ${ playfair[33m.[39mvariable } font [33m-[39m sans bg [33m-[39m background text [33m-[39m foreground antialiased[32m`}>[39m
 [90m    |[39m                         [31m[1m^[22m[39m
 [90m 24 |[39m [32m        <Navbar />[39m
 [90m 25 |[39m [32m        <main className="min-h-screen bg-background">[39m
 [90m 26 |[39m [32m          {children}[39m[0m

Expected ';', '}' or <eof>


 GET /curation 500 in 29ms (compile: 18ms, render: 11ms)
 ⨯ ./src/app/layout.tsx:23:25
Parsing ecmascript source code failed
[0m [90m 21 |[39m [32m  return ([39m
 [90m 22 |[39m [32m    <html lang="en">[39m
[31m[1m>[22m[39m[90m 23 |[39m [32m      <body className={`[39m${ inter[33m.[39mvariable } ${ playfair[33m.[39mvariable } font [33m-[39m sans bg [33m-[39m background text [33m-[39m foreground antialiased[32m`}>[39m
 [90m    |[39m                         [31m[1m^[22m[39m
 [90m 24 |[39m [32m        <Navbar />[39m
 [90m 25 |[39m [32m        <main className="min-h-screen bg-background">[39m
 [90m 26 |[39m [32m          {children}[39m[0m

Expected ';', '}' or <eof>


 GET /curation 500 in 21ms (compile: 12ms, render: 10ms)
 ⨯ ./src/app/layout.tsx:23:25
Parsing ecmascript source code failed
[0m [90m 21 |[39m [32m  return ([39m
 [90m 22 |[39m [32m    <html lang="en">[39m
[31m[1m>[22m[39m[90m 23 |[39m [32m      <body className={`[39m${ inter[33m.[39mvariable } ${ playfair[33m.[39mvariable } font [33m-[39m sans bg [33m-[39m background text [33m-[39m foreground antialiased[32m`}>[39m
 [90m    |[39m                         [31m[1m^[22m[39m
 [90m 24 |[39m [32m        <Navbar />[39m
 [90m 25 |[39m [32m        <main className="min-h-screen bg-background">[39m
 [90m 26 |[39m [32m          {children}[39m[0m

Expected ';', '}' or <eof>


 GET /curation 500 in 14ms (compile: 6ms, render: 8ms)
 ⨯ ./src/app/layout.tsx:23:25
Parsing ecmascript source code failed
[0m [90m 21 |[39m [32m  return ([39m
 [90m 22 |[39m [32m    <html lang="en">[39m
[31m[1m>[22m[39m[90m 23 |[39m [32m      <body className={`[39m${ inter[33m.[39mvariable } ${ playfair[33m.[39mvariable } font [33m-[39m sans bg [33m-[39m background text [33m-[39m foreground antialiased[32m`}>[39m
 [90m    |[39m                         [31m[1m^[22m[39m
 [90m 24 |[39m [32m        <Navbar />[39m
 [90m 25 |[39m [32m        <main className="min-h-screen bg-background">[39m
 [90m 26 |[39m [32m          {children}[39m[0m

Expected ';', '}' or <eof>


 GET /curation 500 in 12ms (compile: 4ms, render: 7ms)
 ⨯ ./src/app/layout.tsx:23:25
Parsing ecmascript source code failed
[0m [90m 21 |[39m [32m  return ([39m
 [90m 22 |[39m [32m    <html lang="en">[39m
[31m[1m>[22m[39m[90m 23 |[39m [32m      <body className={`[39m${ inter[33m.[39mvariable } ${ playfair[33m.[39mvariable } font [33m-[39m sans bg [33m-[39m background text [33m-[39m foreground antialiased[32m`}>[39m
 [90m    |[39m                         [31m[1m^[22m[39m
 [90m 24 |[39m [32m        <Navbar />[39m
 [90m 25 |[39m [32m        <main className="min-h-screen bg-background">[39m
 [90m 26 |[39m [32m          {children}[39m[0m

Expected ';', '}' or <eof>



./src/app/trends/page.tsx:4:1
Export fetchTrendSummaries doesn't exist in target module
[0m [90m 2 |[39m
 [90m 3 |[39m [36mimport[39m { useEffect[33m,[39m useState } [36mfrom[39m [32m"react"[39m[33m;[39m
[31m[1m>[22m[39m[90m 4 |[39m [36mimport[39m { fetchTrendSummaries[33m,[39m deleteTrendSummary } [36mfrom[39m [32m"@/lib/api"[39m[33m;[39m
 [90m   |[39m [31m[1m^[22m[39m[31m[1m^[22m[39m[31m[1m^[22m[39m[31m[1m^[22m[39m[31m[1m^[22m[39m[31m[1m^[22m[39m[31m[1m^[22m[39m[31m[1m^[22m[39m[31m[1m^[22m[39m[31m[1m^[22m[39m[31m[1m^[22m[39m[31m[1m^[22m[39m[31m[1m^[22m[39m[31m[1m^[22m[39m[31m[1m^[22m[39m[31m[1m^[22m[39m[31m[1m^[22m[39m[31m[1m^[22m[39m[31m[1m^[22m[39m[31m[1m^[22m[39m[31m[1m^[22m[39m[31m[1m^[22m[39m[31m[1m^[22m[39m[31m[1m^[22m[39m[31m[1m^[22m[39m[31m[1m^[22m[39m[31m[1m^[22m[39m[31m[1m^[22m[39m[31m[1m^[22m[39m[31m[1m^[22m[39m[31m[1m^[22m[39m[31m[1m^[22m[39m[31m[1m^[22m[39m[31m[1m^[22m[39m[31m[1m^[22m[39m[31m[1m^[22m[39m[31m[1m^[22m[39m[31m[1m^[22m[39m[31m[1m^[22m[39m[31m[1m^[22m[39m[31m[1m^[22m[39m[31m[1m^[22m[39m[31m[1m^[22m[39m[31m[1m^[22m[39m[31m[1m^[22m[39m[31m[1m^[22m[39m[31m[1m^[22m[39m[31m[1m^[22m[39m[31m[1m^[22m[39m[31m[1m^[22m[39m[31m[1m^[22m[39m[31m[1m^[22m[39m[31m[1m^[22m[39m[31m[1m^[22m[39m[31m[1m^[22m[39m[31m[1m^[22m[39m[31m[1m^[22m[39m[31m[1m^[22m[39m[31m[1m^[22m[39m[31m[1m^[22m[39m[31m[1m^[22m[39m[31m[1m^[22m[39m[31m[1m^[22m[39m[31m[1m^[22m[39m[31m[1m^[22m[39m[31m[1m^[22m[39m[31m[1m^[22m[39m[31m[1m^[22m[39m
 [90m 5 |[39m [36mimport[39m { [33mButton[39m } [36mfrom[39m [32m"@/components/ui/button"[39m[33m;[39m
 [90m 6 |[39m [36mimport[39m { [33mCard[39m[33m,[39m [33mCardContent[39m[33m,[39m [33mCardHeader[39m } [36mfrom[39m [32m"@/components/ui/card"[39m[33m;[39m
 [90m 7 |[39m [36mimport[39m { [33mLoader2[39m[33m,[39m [33mFileText[39m[33m,[39m [33mCalendar[39m[33m,[39m [33mTrash2[39m[33m,[39m [33mAlertTriangle[39m } [36mfrom[39m [32m"lucide-react"[39m[33m;[39m[0m

The export fetchTrendSummaries was not found in module [project]/src/lib/api.ts [app-client] (ecmascript).
Did you mean to import getTrendSummaries?
All exports of the module are statically known (It doesn't have dynamic exports). So it's known statically that the requested export doesn't exist.

Import traces:
  Client Component Browser:
    ./src/app/trends/page.tsx [Client Component Browser]
    ./src/app/trends/page.tsx [Server Component]

  Client Component SSR:
    ./src/app/trends/page.tsx [Client Component SSR]
    ./src/app/trends/page.tsx [Server Component]



./src/app/trends/page.tsx:4:1
Export fetchTrendSummaries doesn't exist in target module
[0m [90m 2 |[39m
 [90m 3 |[39m [36mimport[39m { useEffect[33m,[39m useState } [36mfrom[39m [32m"react"[39m[33m;[39m
[31m[1m>[22m[39m[90m 4 |[39m [36mimport[39m { fetchTrendSummaries[33m,[39m deleteTrendSummary } [36mfrom[39m [32m"@/lib/api"[39m[33m;[39m
 [90m   |[39m [31m[1m^[22m[39m[31m[1m^[22m[39m[31m[1m^[22m[39m[31m[1m^[22m[39m[31m[1m^[22m[39m[31m[1m^[22m[39m[31m[1m^[22m[39m[31m[1m^[22m[39m[31m[1m^[22m[39m[31m[1m^[22m[39m[31m[1m^[22m[39m[31m[1m^[22m[39m[31m[1m^[22m[39m[31m[1m^[22m[39m[31m[1m^[22m[39m[31m[1m^[22m[39m[31m[1m^[22m[39m[31m[1m^[22m[39m[31m[1m^[22m[39m[31m[1m^[22m[39m[31m[1m^[22m[39m[31m[1m^[22m[39m[31m[1m^[22m[39m[31m[1m^[22m[39m[31m[1m^[22m[39m[31m[1m^[22m[39m[31m[1m^[22m[39m[31m[1m^[22m[39m[31m[1m^[22m[39m[31m[1m^[22m[39m[31m[1m^[22m[39m[31m[1m^[22m[39m[31m[1m^[22m[39m[31m[1m^[22m[39m[31m[1m^[22m[39m[31m[1m^[22m[39m[31m[1m^[22m[39m[31m[1m^[22m[39m[31m[1m^[22m[39m[31m[1m^[22m[39m[31m[1m^[22m[39m[31m[1m^[22m[39m[31m[1m^[22m[39m[31m[1m^[22m[39m[31m[1m^[22m[39m[31m[1m^[22m[39m[31m[1m^[22m[39m[31m[1m^[22m[39m[31m[1m^[22m[39m[31m[1m^[22m[39m[31m[1m^[22m[39m[31m[1m^[22m[39m[31m[1m^[22m[39m[31m[1m^[22m[39m[31m[1m^[22m[39m[31m[1m^[22m[39m[31m[1m^[22m[39m[31m[1m^[22m[39m[31m[1m^[22m[39m[31m[1m^[22m[39m[31m[1m^[22m[39m[31m[1m^[22m[39m[31m[1m^[22m[39m[31m[1m^[22m[39m[31m[1m^[22m[39m[31m[1m^[22m[39m[31m[1m^[22m[39m[31m[1m^[22m[39m
 [90m 5 |[39m [36mimport[39m { [33mButton[39m } [36mfrom[39m [32m"@/components/ui/button"[39m[33m;[39m
 [90m 6 |[39m [36mimport[39m { [33mCard[39m[33m,[39m [33mCardContent[39m[33m,[39m [33mCardHeader[39m } [36mfrom[39m [32m"@/components/ui/card"[39m[33m;[39m
 [90m 7 |[39m [36mimport[39m { [33mLoader2[39m[33m,[39m [33mFileText[39m[33m,[39m [33mCalendar[39m[33m,[39m [33mTrash2[39m[33m,[39m [33mAlertTriangle[39m } [36mfrom[39m [32m"lucide-react"[39m[33m;[39m[0m

The export fetchTrendSummaries was not found in module [project]/src/lib/api.ts [app-ssr] (ecmascript).
Did you mean to import getTrendSummaries?
All exports of the module are statically known (It doesn't have dynamic exports). So it's known statically that the requested export doesn't exist.

Import traces:
  Client Component Browser:
    ./src/app/trends/page.tsx [Client Component Browser]
    ./src/app/trends/page.tsx [Server Component]

  Client Component SSR:
    ./src/app/trends/page.tsx [Client Component SSR]
    ./src/app/trends/page.tsx [Server Component]


 GET /trends 500 in 122ms (compile: 92ms, render: 30ms)
 ⨯ ./src/app/layout.tsx:23:25
Parsing ecmascript source code failed
[0m [90m 21 |[39m [32m  return ([39m
 [90m 22 |[39m [32m    <html lang="en">[39m
[31m[1m>[22m[39m[90m 23 |[39m [32m      <body className={`[39m${ inter[33m.[39mvariable } ${ playfair[33m.[39mvariable } font [33m-[39m sans bg [33m-[39m background text [33m-[39m foreground antialiased[32m`}>[39m
 [90m    |[39m                         [31m[1m^[22m[39m
 [90m 24 |[39m [32m        <Navbar />[39m
 [90m 25 |[39m [32m        <main className="min-h-screen bg-background">[39m
 [90m 26 |[39m [32m          {children}[39m[0m

Expected ';', '}' or <eof>


 GET /curation 500 in 43ms (compile: 34ms, render: 10ms)
 ⨯ ./src/app/layout.tsx:23:25
Parsing ecmascript source code failed
[0m [90m 21 |[39m [32m  return ([39m
 [90m 22 |[39m [32m    <html lang="en">[39m
[31m[1m>[22m[39m[90m 23 |[39m [32m      <body className={`[39m${ inter[33m.[39mvariable } ${ playfair[33m.[39mvariable } font [33m-[39m sans bg [33m-[39m background text [33m-[39m foreground antialiased[32m`}>[39m
 [90m    |[39m                         [31m[1m^[22m[39m
 [90m 24 |[39m [32m        <Navbar />[39m
 [90m 25 |[39m [32m        <main className="min-h-screen bg-background">[39m
 [90m 26 |[39m [32m          {children}[39m[0m

Expected ';', '}' or <eof>



./src/app/trends/page.tsx:4:1
Export fetchTrendSummaries doesn't exist in target module
[0m [90m 2 |[39m
 [90m 3 |[39m [36mimport[39m { useEffect[33m,[39m useState } [36mfrom[39m [32m"react"[39m[33m;[39m
[31m[1m>[22m[39m[90m 4 |[39m [36mimport[39m { fetchTrendSummaries[33m,[39m deleteTrendSummary } [36mfrom[39m [32m"@/lib/api"[39m[33m;[39m
 [90m   |[39m [31m[1m^[22m[39m[31m[1m^[22m[39m[31m[1m^[22m[39m[31m[1m^[22m[39m[31m[1m^[22m[39m[31m[1m^[22m[39m[31m[1m^[22m[39m[31m[1m^[22m[39m[31m[1m^[22m[39m[31m[1m^[22m[39m[31m[1m^[22m[39m[31m[1m^[22m[39m[31m[1m^[22m[39m[31m[1m^[22m[39m[31m[1m^[22m[39m[31m[1m^[22m[39m[31m[1m^[22m[39m[31m[1m^[22m[39m[31m[1m^[22m[39m[31m[1m^[22m[39m[31m[1m^[22m[39m[31m[1m^[22m[39m[31m[1m^[22m[39m[31m[1m^[22m[39m[31m[1m^[22m[39m[31m[1m^[22m[39m[31m[1m^[22m[39m[31m[1m^[22m[39m[31m[1m^[22m[39m[31m[1m^[22m[39m[31m[1m^[22m[39m[31m[1m^[22m[39m[31m[1m^[22m[39m[31m[1m^[22m[39m[31m[1m^[22m[39m[31m[1m^[22m[39m[31m[1m^[22m[39m[31m[1m^[22m[39m[31m[1m^[22m[39m[31m[1m^[22m[39m[31m[1m^[22m[39m[31m[1m^[22m[39m[31m[1m^[22m[39m[31m[1m^[22m[39m[31m[1m^[22m[39m[31m[1m^[22m[39m[31m[1m^[22m[39m[31m[1m^[22m[39m[31m[1m^[22m[39m[31m[1m^[22m[39m[31m[1m^[22m[39m[31m[1m^[22m[39m[31m[1m^[22m[39m[31m[1m^[22m[39m[31m[1m^[22m[39m[31m[1m^[22m[39m[31m[1m^[22m[39m[31m[1m^[22m[39m[31m[1m^[22m[39m[31m[1m^[22m[39m[31m[1m^[22m[39m[31m[1m^[22m[39m[31m[1m^[22m[39m[31m[1m^[22m[39m[31m[1m^[22m[39m[31m[1m^[22m[39m[31m[1m^[22m[39m[31m[1m^[22m[39m
 [90m 5 |[39m [36mimport[39m { [33mButton[39m } [36mfrom[39m [32m"@/components/ui/button"[39m[33m;[39m
 [90m 6 |[39m [36mimport[39m { [33mCard[39m[33m,[39m [33mCardContent[39m[33m,[39m [33mCardHeader[39m } [36mfrom[39m [32m"@/components/ui/card"[39m[33m;[39m
 [90m 7 |[39m [36mimport[39m { [33mLoader2[39m[33m,[39m [33mFileText[39m[33m,[39m [33mCalendar[39m[33m,[39m [33mTrash2[39m[33m,[39m [33mAlertTriangle[39m } [36mfrom[39m [32m"lucide-react"[39m[33m;[39m[0m

The export fetchTrendSummaries was not found in module [project]/src/lib/api.ts [app-client] (ecmascript).
Did you mean to import getTrendSummaries?
All exports of the module are statically known (It doesn't have dynamic exports). So it's known statically that the requested export doesn't exist.

Import traces:
  Client Component Browser:
    ./src/app/trends/page.tsx [Client Component Browser]
    ./src/app/trends/page.tsx [Server Component]

  Client Component SSR:
    ./src/app/trends/page.tsx [Client Component SSR]
    ./src/app/trends/page.tsx [Server Component]



./src/app/trends/page.tsx:4:1
Export fetchTrendSummaries doesn't exist in target module
[0m [90m 2 |[39m
 [90m 3 |[39m [36mimport[39m { useEffect[33m,[39m useState } [36mfrom[39m [32m"react"[39m[33m;[39m
[31m[1m>[22m[39m[90m 4 |[39m [36mimport[39m { fetchTrendSummaries[33m,[39m deleteTrendSummary } [36mfrom[39m [32m"@/lib/api"[39m[33m;[39m
 [90m   |[39m [31m[1m^[22m[39m[31m[1m^[22m[39m[31m[1m^[22m[39m[31m[1m^[22m[39m[31m[1m^[22m[39m[31m[1m^[22m[39m[31m[1m^[22m[39m[31m[1m^[22m[39m[31m[1m^[22m[39m[31m[1m^[22m[39m[31m[1m^[22m[39m[31m[1m^[22m[39m[31m[1m^[22m[39m[31m[1m^[22m[39m[31m[1m^[22m[39m[31m[1m^[22m[39m[31m[1m^[22m[39m[31m[1m^[22m[39m[31m[1m^[22m[39m[31m[1m^[22m[39m[31m[1m^[22m[39m[31m[1m^[22m[39m[31m[1m^[22m[39m[31m[1m^[22m[39m[31m[1m^[22m[39m[31m[1m^[22m[39m[31m[1m^[22m[39m[31m[1m^[22m[39m[31m[1m^[22m[39m[31m[1m^[22m[39m[31m[1m^[22m[39m[31m[1m^[22m[39m[31m[1m^[22m[39m[31m[1m^[22m[39m[31m[1m^[22m[39m[31m[1m^[22m[39m[31m[1m^[22m[39m[31m[1m^[22m[39m[31m[1m^[22m[39m[31m[1m^[22m[39m[31m[1m^[22m[39m[31m[1m^[22m[39m[31m[1m^[22m[39m[31m[1m^[22m[39m[31m[1m^[22m[39m[31m[1m^[22m[39m[31m[1m^[22m[39m[31m[1m^[22m[39m[31m[1m^[22m[39m[31m[1m^[22m[39m[31m[1m^[22m[39m[31m[1m^[22m[39m[31m[1m^[22m[39m[31m[1m^[22m[39m[31m[1m^[22m[39m[31m[1m^[22m[39m[31m[1m^[22m[39m[31m[1m^[22m[39m[31m[1m^[22m[39m[31m[1m^[22m[39m[31m[1m^[22m[39m[31m[1m^[22m[39m[31m[1m^[22m[39m[31m[1m^[22m[39m[31m[1m^[22m[39m[31m[1m^[22m[39m[31m[1m^[22m[39m[31m[1m^[22m[39m
 [90m 5 |[39m [36mimport[39m { [33mButton[39m } [36mfrom[39m [32m"@/components/ui/button"[39m[33m;[39m
 [90m 6 |[39m [36mimport[39m { [33mCard[39m[33m,[39m [33mCardContent[39m[33m,[39m [33mCardHeader[39m } [36mfrom[39m [32m"@/components/ui/card"[39m[33m;[39m
 [90m 7 |[39m [36mimport[39m { [33mLoader2[39m[33m,[39m [33mFileText[39m[33m,[39m [33mCalendar[39m[33m,[39m [33mTrash2[39m[33m,[39m [33mAlertTriangle[39m } [36mfrom[39m [32m"lucide-react"[39m[33m;[39m[0m

The export fetchTrendSummaries was not found in module [project]/src/lib/api.ts [app-ssr] (ecmascript).
Did you mean to import getTrendSummaries?
All exports of the module are statically known (It doesn't have dynamic exports). So it's known statically that the requested export doesn't exist.

Import traces:
  Client Component Browser:
    ./src/app/trends/page.tsx [Client Component Browser]
    ./src/app/trends/page.tsx [Server Component]

  Client Component SSR:
    ./src/app/trends/page.tsx [Client Component SSR]
    ./src/app/trends/page.tsx [Server Component]


 GET /trends 500 in 412ms (compile: 219ms, render: 193ms)
 ⨯ ./src/app/layout.tsx:23:25
Parsing ecmascript source code failed
[0m [90m 21 |[39m [32m  return ([39m
 [90m 22 |[39m [32m    <html lang="en">[39m
[31m[1m>[22m[39m[90m 23 |[39m [32m      <body className={`[39m${ inter[33m.[39mvariable } ${ playfair[33m.[39mvariable } font [33m-[39m sans bg [33m-[39m background text [33m-[39m foreground antialiased[32m`}>[39m
 [90m    |[39m                         [31m[1m^[22m[39m
 [90m 24 |[39m [32m        <Navbar />[39m
 [90m 25 |[39m [32m        <main className="min-h-screen bg-background">[39m
 [90m 26 |[39m [32m          {children}[39m[0m

Expected ';', '}' or <eof>



./src/app/trends/page.tsx:4:1
Export fetchTrendSummaries doesn't exist in target module
[0m [90m 2 |[39m
 [90m 3 |[39m [36mimport[39m { useEffect[33m,[39m useState } [36mfrom[39m [32m"react"[39m[33m;[39m
[31m[1m>[22m[39m[90m 4 |[39m [36mimport[39m { fetchTrendSummaries[33m,[39m deleteTrendSummary } [36mfrom[39m [32m"@/lib/api"[39m[33m;[39m
 [90m   |[39m [31m[1m^[22m[39m[31m[1m^[22m[39m[31m[1m^[22m[39m[31m[1m^[22m[39m[31m[1m^[22m[39m[31m[1m^[22m[39m[31m[1m^[22m[39m[31m[1m^[22m[39m[31m[1m^[22m[39m[31m[1m^[22m[39m[31m[1m^[22m[39m[31m[1m^[22m[39m[31m[1m^[22m[39m[31m[1m^[22m[39m[31m[1m^[22m[39m[31m[1m^[22m[39m[31m[1m^[22m[39m[31m[1m^[22m[39m[31m[1m^[22m[39m[31m[1m^[22m[39m[31m[1m^[22m[39m[31m[1m^[22m[39m[31m[1m^[22m[39m[31m[1m^[22m[39m[31m[1m^[22m[39m[31m[1m^[22m[39m[31m[1m^[22m[39m[31m[1m^[22m[39m[31m[1m^[22m[39m[31m[1m^[22m[39m[31m[1m^[22m[39m[31m[1m^[22m[39m[31m[1m^[22m[39m[31m[1m^[22m[39m[31m[1m^[22m[39m[31m[1m^[22m[39m[31m[1m^[22m[39m[31m[1m^[22m[39m[31m[1m^[22m[39m[31m[1m^[22m[39m[31m[1m^[22m[39m[31m[1m^[22m[39m[31m[1m^[22m[39m[31m[1m^[22m[39m[31m[1m^[22m[39m[31m[1m^[22m[39m[31m[1m^[22m[39m[31m[1m^[22m[39m[31m[1m^[22m[39m[31m[1m^[22m[39m[31m[1m^[22m[39m[31m[1m^[22m[39m[31m[1m^[22m[39m[31m[1m^[22m[39m[31m[1m^[22m[39m[31m[1m^[22m[39m[31m[1m^[22m[39m[31m[1m^[22m[39m[31m[1m^[22m[39m[31m[1m^[22m[39m[31m[1m^[22m[39m[31m[1m^[22m[39m[31m[1m^[22m[39m[31m[1m^[22m[39m[31m[1m^[22m[39m[31m[1m^[22m[39m[31m[1m^[22m[39m[31m[1m^[22m[39m
 [90m 5 |[39m [36mimport[39m { [33mButton[39m } [36mfrom[39m [32m"@/components/ui/button"[39m[33m;[39m
 [90m 6 |[39m [36mimport[39m { [33mCard[39m[33m,[39m [33mCardContent[39m[33m,[39m [33mCardHeader[39m } [36mfrom[39m [32m"@/components/ui/card"[39m[33m;[39m
 [90m 7 |[39m [36mimport[39m { [33mLoader2[39m[33m,[39m [33mFileText[39m[33m,[39m [33mCalendar[39m[33m,[39m [33mTrash2[39m[33m,[39m [33mAlertTriangle[39m } [36mfrom[39m [32m"lucide-react"[39m[33m;[39m[0m

The export fetchTrendSummaries was not found in module [project]/src/lib/api.ts [app-client] (ecmascript).
Did you mean to import getTrendSummaries?
All exports of the module are statically known (It doesn't have dynamic exports). So it's known statically that the requested export doesn't exist.

Import traces:
  Client Component Browser:
    ./src/app/trends/page.tsx [Client Component Browser]
    ./src/app/trends/page.tsx [Server Component]

  Client Component SSR:
    ./src/app/trends/page.tsx [Client Component SSR]
    ./src/app/trends/page.tsx [Server Component]



./src/app/trends/page.tsx:4:1
Export fetchTrendSummaries doesn't exist in target module
[0m [90m 2 |[39m
 [90m 3 |[39m [36mimport[39m { useEffect[33m,[39m useState } [36mfrom[39m [32m"react"[39m[33m;[39m
[31m[1m>[22m[39m[90m 4 |[39m [36mimport[39m { fetchTrendSummaries[33m,[39m deleteTrendSummary } [36mfrom[39m [32m"@/lib/api"[39m[33m;[39m
 [90m   |[39m [31m[1m^[22m[39m[31m[1m^[22m[39m[31m[1m^[22m[39m[31m[1m^[22m[39m[31m[1m^[22m[39m[31m[1m^[22m[39m[31m[1m^[22m[39m[31m[1m^[22m[39m[31m[1m^[22m[39m[31m[1m^[22m[39m[31m[1m^[22m[39m[31m[1m^[22m[39m[31m[1m^[22m[39m[31m[1m^[22m[39m[31m[1m^[22m[39m[31m[1m^[22m[39m[31m[1m^[22m[39m[31m[1m^[22m[39m[31m[1m^[22m[39m[31m[1m^[22m[39m[31m[1m^[22m[39m[31m[1m^[22m[39m[31m[1m^[22m[39m[31m[1m^[22m[39m[31m[1m^[22m[39m[31m[1m^[22m[39m[31m[1m^[22m[39m[31m[1m^[22m[39m[31m[1m^[22m[39m[31m[1m^[22m[39m[31m[1m^[22m[39m[31m[1m^[22m[39m[31m[1m^[22m[39m[31m[1m^[22m[39m[31m[1m^[22m[39m[31m[1m^[22m[39m[31m[1m^[22m[39m[31m[1m^[22m[39m[31m[1m^[22m[39m[31m[1m^[22m[39m[31m[1m^[22m[39m[31m[1m^[22m[39m[31m[1m^[22m[39m[31m[1m^[22m[39m[31m[1m^[22m[39m[31m[1m^[22m[39m[31m[1m^[22m[39m[31m[1m^[22m[39m[31m[1m^[22m[39m[31m[1m^[22m[39m[31m[1m^[22m[39m[31m[1m^[22m[39m[31m[1m^[22m[39m[31m[1m^[22m[39m[31m[1m^[22m[39m[31m[1m^[22m[39m[31m[1m^[22m[39m[31m[1m^[22m[39m[31m[1m^[22m[39m[31m[1m^[22m[39m[31m[1m^[22m[39m[31m[1m^[22m[39m[31m[1m^[22m[39m[31m[1m^[22m[39m[31m[1m^[22m[39m[31m[1m^[22m[39m[31m[1m^[22m[39m[31m[1m^[22m[39m
 [90m 5 |[39m [36mimport[39m { [33mButton[39m } [36mfrom[39m [32m"@/components/ui/button"[39m[33m;[39m
 [90m 6 |[39m [36mimport[39m { [33mCard[39m[33m,[39m [33mCardContent[39m[33m,[39m [33mCardHeader[39m } [36mfrom[39m [32m"@/components/ui/card"[39m[33m;[39m
 [90m 7 |[39m [36mimport[39m { [33mLoader2[39m[33m,[39m [33mFileText[39m[33m,[39m [33mCalendar[39m[33m,[39m [33mTrash2[39m[33m,[39m [33mAlertTriangle[39m } [36mfrom[39m [32m"lucide-react"[39m[33m;[39m[0m

The export fetchTrendSummaries was not found in module [project]/src/lib/api.ts [app-ssr] (ecmascript).
Did you mean to import getTrendSummaries?
All exports of the module are statically known (It doesn't have dynamic exports). So it's known statically that the requested export doesn't exist.

Import traces:
  Client Component Browser:
    ./src/app/trends/page.tsx [Client Component Browser]
    ./src/app/trends/page.tsx [Server Component]

  Client Component SSR:
    ./src/app/trends/page.tsx [Client Component SSR]
    ./src/app/trends/page.tsx [Server Component]


 GET /trends 500 in 23ms (compile: 13ms, render: 10ms)
 ⨯ ./src/app/layout.tsx:23:25
Parsing ecmascript source code failed
[0m [90m 21 |[39m [32m  return ([39m
 [90m 22 |[39m [32m    <html lang="en">[39m
[31m[1m>[22m[39m[90m 23 |[39m [32m      <body className={`[39m${ inter[33m.[39mvariable } ${ playfair[33m.[39mvariable } font [33m-[39m sans bg [33m-[39m background text [33m-[39m foreground antialiased[32m`}>[39m
 [90m    |[39m                         [31m[1m^[22m[39m
 [90m 24 |[39m [32m        <Navbar />[39m
 [90m 25 |[39m [32m        <main className="min-h-screen bg-background">[39m
 [90m 26 |[39m [32m          {children}[39m[0m

Expected ';', '}' or <eof>



./src/app/trends/page.tsx:4:1
Export fetchTrendSummaries doesn't exist in target module
[0m [90m 2 |[39m
 [90m 3 |[39m [36mimport[39m { useEffect[33m,[39m useState } [36mfrom[39m [32m"react"[39m[33m;[39m
[31m[1m>[22m[39m[90m 4 |[39m [36mimport[39m { fetchTrendSummaries[33m,[39m deleteTrendSummary } [36mfrom[39m [32m"@/lib/api"[39m[33m;[39m
 [90m   |[39m [31m[1m^[22m[39m[31m[1m^[22m[39m[31m[1m^[22m[39m[31m[1m^[22m[39m[31m[1m^[22m[39m[31m[1m^[22m[39m[31m[1m^[22m[39m[31m[1m^[22m[39m[31m[1m^[22m[39m[31m[1m^[22m[39m[31m[1m^[22m[39m[31m[1m^[22m[39m[31m[1m^[22m[39m[31m[1m^[22m[39m[31m[1m^[22m[39m[31m[1m^[22m[39m[31m[1m^[22m[39m[31m[1m^[22m[39m[31m[1m^[22m[39m[31m[1m^[22m[39m[31m[1m^[22m[39m[31m[1m^[22m[39m[31m[1m^[22m[39m[31m[1m^[22m[39m[31m[1m^[22m[39m[31m[1m^[22m[39m[31m[1m^[22m[39m[31m[1m^[22m[39m[31m[1m^[22m[39m[31m[1m^[22m[39m[31m[1m^[22m[39m[31m[1m^[22m[39m[31m[1m^[22m[39m[31m[1m^[22m[39m[31m[1m^[22m[39m[31m[1m^[22m[39m[31m[1m^[22m[39m[31m[1m^[22m[39m[31m[1m^[22m[39m[31m[1m^[22m[39m[31m[1m^[22m[39m[31m[1m^[22m[39m[31m[1m^[22m[39m[31m[1m^[22m[39m[31m[1m^[22m[39m[31m[1m^[22m[39m[31m[1m^[22m[39m[31m[1m^[22m[39m[31m[1m^[22m[39m[31m[1m^[22m[39m[31m[1m^[22m[39m[31m[1m^[22m[39m[31m[1m^[22m[39m[31m[1m^[22m[39m[31m[1m^[22m[39m[31m[1m^[22m[39m[31m[1m^[22m[39m[31m[1m^[22m[39m[31m[1m^[22m[39m[31m[1m^[22m[39m[31m[1m^[22m[39m[31m[1m^[22m[39m[31m[1m^[22m[39m[31m[1m^[22m[39m[31m[1m^[22m[39m[31m[1m^[22m[39m[31m[1m^[22m[39m[31m[1m^[22m[39m
 [90m 5 |[39m [36mimport[39m { [33mButton[39m } [36mfrom[39m [32m"@/components/ui/button"[39m[33m;[39m
 [90m 6 |[39m [36mimport[39m { [33mCard[39m[33m,[39m [33mCardContent[39m[33m,[39m [33mCardHeader[39m } [36mfrom[39m [32m"@/components/ui/card"[39m[33m;[39m
 [90m 7 |[39m [36mimport[39m { [33mLoader2[39m[33m,[39m [33mFileText[39m[33m,[39m [33mCalendar[39m[33m,[39m [33mTrash2[39m[33m,[39m [33mAlertTriangle[39m } [36mfrom[39m [32m"lucide-react"[39m[33m;[39m[0m

The export fetchTrendSummaries was not found in module [project]/src/lib/api.ts [app-client] (ecmascript).
Did you mean to import getTrendSummaries?
All exports of the module are statically known (It doesn't have dynamic exports). So it's known statically that the requested export doesn't exist.

Import traces:
  Client Component Browser:
    ./src/app/trends/page.tsx [Client Component Browser]
    ./src/app/trends/page.tsx [Server Component]

  Client Component SSR:
    ./src/app/trends/page.tsx [Client Component SSR]
    ./src/app/trends/page.tsx [Server Component]



./src/app/trends/page.tsx:4:1
Export fetchTrendSummaries doesn't exist in target module
[0m [90m 2 |[39m
 [90m 3 |[39m [36mimport[39m { useEffect[33m,[39m useState } [36mfrom[39m [32m"react"[39m[33m;[39m
[31m[1m>[22m[39m[90m 4 |[39m [36mimport[39m { fetchTrendSummaries[33m,[39m deleteTrendSummary } [36mfrom[39m [32m"@/lib/api"[39m[33m;[39m
 [90m   |[39m [31m[1m^[22m[39m[31m[1m^[22m[39m[31m[1m^[22m[39m[31m[1m^[22m[39m[31m[1m^[22m[39m[31m[1m^[22m[39m[31m[1m^[22m[39m[31m[1m^[22m[39m[31m[1m^[22m[39m[31m[1m^[22m[39m[31m[1m^[22m[39m[31m[1m^[22m[39m[31m[1m^[22m[39m[31m[1m^[22m[39m[31m[1m^[22m[39m[31m[1m^[22m[39m[31m[1m^[22m[39m[31m[1m^[22m[39m[31m[1m^[22m[39m[31m[1m^[22m[39m[31m[1m^[22m[39m[31m[1m^[22m[39m[31m[1m^[22m[39m[31m[1m^[22m[39m[31m[1m^[22m[39m[31m[1m^[22m[39m[31m[1m^[22m[39m[31m[1m^[22m[39m[31m[1m^[22m[39m[31m[1m^[22m[39m[31m[1m^[22m[39m[31m[1m^[22m[39m[31m[1m^[22m[39m[31m[1m^[22m[39m[31m[1m^[22m[39m[31m[1m^[22m[39m[31m[1m^[22m[39m[31m[1m^[22m[39m[31m[1m^[22m[39m[31m[1m^[22m[39m[31m[1m^[22m[39m[31m[1m^[22m[39m[31m[1m^[22m[39m[31m[1m^[22m[39m[31m[1m^[22m[39m[31m[1m^[22m[39m[31m[1m^[22m[39m[31m[1m^[22m[39m[31m[1m^[22m[39m[31m[1m^[22m[39m[31m[1m^[22m[39m[31m[1m^[22m[39m[31m[1m^[22m[39m[31m[1m^[22m[39m[31m[1m^[22m[39m[31m[1m^[22m[39m[31m[1m^[22m[39m[31m[1m^[22m[39m[31m[1m^[22m[39m[31m[1m^[22m[39m[31m[1m^[22m[39m[31m[1m^[22m[39m[31m[1m^[22m[39m[31m[1m^[22m[39m[31m[1m^[22m[39m[31m[1m^[22m[39m[31m[1m^[22m[39m[31m[1m^[22m[39m
 [90m 5 |[39m [36mimport[39m { [33mButton[39m } [36mfrom[39m [32m"@/components/ui/button"[39m[33m;[39m
 [90m 6 |[39m [36mimport[39m { [33mCard[39m[33m,[39m [33mCardContent[39m[33m,[39m [33mCardHeader[39m } [36mfrom[39m [32m"@/components/ui/card"[39m[33m;[39m
 [90m 7 |[39m [36mimport[39m { [33mLoader2[39m[33m,[39m [33mFileText[39m[33m,[39m [33mCalendar[39m[33m,[39m [33mTrash2[39m[33m,[39m [33mAlertTriangle[39m } [36mfrom[39m [32m"lucide-react"[39m[33m;[39m[0m

The export fetchTrendSummaries was not found in module [project]/src/lib/api.ts [app-ssr] (ecmascript).
Did you mean to import getTrendSummaries?
All exports of the module are statically known (It doesn't have dynamic exports). So it's known statically that the requested export doesn't exist.

Import traces:
  Client Component Browser:
    ./src/app/trends/page.tsx [Client Component Browser]
    ./src/app/trends/page.tsx [Server Component]

  Client Component SSR:
    ./src/app/trends/page.tsx [Client Component SSR]
    ./src/app/trends/page.tsx [Server Component]


 GET /trends 500 in 16ms (compile: 9ms, render: 8ms)
 ⨯ ./src/app/layout.tsx:23:25
Parsing ecmascript source code failed
[0m [90m 21 |[39m [32m  return ([39m
 [90m 22 |[39m [32m    <html lang="en">[39m
[31m[1m>[22m[39m[90m 23 |[39m [32m      <body className={`[39m${ inter[33m.[39mvariable } ${ playfair[33m.[39mvariable } font [33m-[39m sans bg [33m-[39m background text [33m-[39m foreground antialiased[32m`}>[39m
 [90m    |[39m                         [31m[1m^[22m[39m
 [90m 24 |[39m [32m        <Navbar />[39m
 [90m 25 |[39m [32m        <main className="min-h-screen bg-background">[39m
 [90m 26 |[39m [32m          {children}[39m[0m

Expected ';', '}' or <eof>



./src/app/trends/page.tsx:4:1
Export fetchTrendSummaries doesn't exist in target module
[0m [90m 2 |[39m
 [90m 3 |[39m [36mimport[39m { useEffect[33m,[39m useState } [36mfrom[39m [32m"react"[39m[33m;[39m
[31m[1m>[22m[39m[90m 4 |[39m [36mimport[39m { fetchTrendSummaries[33m,[39m deleteTrendSummary } [36mfrom[39m [32m"@/lib/api"[39m[33m;[39m
 [90m   |[39m [31m[1m^[22m[39m[31m[1m^[22m[39m[31m[1m^[22m[39m[31m[1m^[22m[39m[31m[1m^[22m[39m[31m[1m^[22m[39m[31m[1m^[22m[39m[31m[1m^[22m[39m[31m[1m^[22m[39m[31m[1m^[22m[39m[31m[1m^[22m[39m[31m[1m^[22m[39m[31m[1m^[22m[39m[31m[1m^[22m[39m[31m[1m^[22m[39m[31m[1m^[22m[39m[31m[1m^[22m[39m[31m[1m^[22m[39m[31m[1m^[22m[39m[31m[1m^[22m[39m[31m[1m^[22m[39m[31m[1m^[22m[39m[31m[1m^[22m[39m[31m[1m^[22m[39m[31m[1m^[22m[39m[31m[1m^[22m[39m[31m[1m^[22m[39m[31m[1m^[22m[39m[31m[1m^[22m[39m[31m[1m^[22m[39m[31m[1m^[22m[39m[31m[1m^[22m[39m[31m[1m^[22m[39m[31m[1m^[22m[39m[31m[1m^[22m[39m[31m[1m^[22m[39m[31m[1m^[22m[39m[31m[1m^[22m[39m[31m[1m^[22m[39m[31m[1m^[22m[39m[31m[1m^[22m[39m[31m[1m^[22m[39m[31m[1m^[22m[39m[31m[1m^[22m[39m[31m[1m^[22m[39m[31m[1m^[22m[39m[31m[1m^[22m[39m[31m[1m^[22m[39m[31m[1m^[22m[39m[31m[1m^[22m[39m[31m[1m^[22m[39m[31m[1m^[22m[39m[31m[1m^[22m[39m[31m[1m^[22m[39m[31m[1m^[22m[39m[31m[1m^[22m[39m[31m[1m^[22m[39m[31m[1m^[22m[39m[31m[1m^[22m[39m[31m[1m^[22m[39m[31m[1m^[22m[39m[31m[1m^[22m[39m[31m[1m^[22m[39m[31m[1m^[22m[39m[31m[1m^[22m[39m[31m[1m^[22m[39m[31m[1m^[22m[39m[31m[1m^[22m[39m
 [90m 5 |[39m [36mimport[39m { [33mButton[39m } [36mfrom[39m [32m"@/components/ui/button"[39m[33m;[39m
 [90m 6 |[39m [36mimport[39m { [33mCard[39m[33m,[39m [33mCardContent[39m[33m,[39m [33mCardHeader[39m } [36mfrom[39m [32m"@/components/ui/card"[39m[33m;[39m
 [90m 7 |[39m [36mimport[39m { [33mLoader2[39m[33m,[39m [33mFileText[39m[33m,[39m [33mCalendar[39m[33m,[39m [33mTrash2[39m[33m,[39m [33mAlertTriangle[39m } [36mfrom[39m [32m"lucide-react"[39m[33m;[39m[0m

The export fetchTrendSummaries was not found in module [project]/src/lib/api.ts [app-client] (ecmascript).
Did you mean to import getTrendSummaries?
All exports of the module are statically known (It doesn't have dynamic exports). So it's known statically that the requested export doesn't exist.

Import traces:
  Client Component Browser:
    ./src/app/trends/page.tsx [Client Component Browser]
    ./src/app/trends/page.tsx [Server Component]

  Client Component SSR:
    ./src/app/trends/page.tsx [Client Component SSR]
    ./src/app/trends/page.tsx [Server Component]



./src/app/trends/page.tsx:4:1
Export fetchTrendSummaries doesn't exist in target module
[0m [90m 2 |[39m
 [90m 3 |[39m [36mimport[39m { useEffect[33m,[39m useState } [36mfrom[39m [32m"react"[39m[33m;[39m
[31m[1m>[22m[39m[90m 4 |[39m [36mimport[39m { fetchTrendSummaries[33m,[39m deleteTrendSummary } [36mfrom[39m [32m"@/lib/api"[39m[33m;[39m
 [90m   |[39m [31m[1m^[22m[39m[31m[1m^[22m[39m[31m[1m^[22m[39m[31m[1m^[22m[39m[31m[1m^[22m[39m[31m[1m^[22m[39m[31m[1m^[22m[39m[31m[1m^[22m[39m[31m[1m^[22m[39m[31m[1m^[22m[39m[31m[1m^[22m[39m[31m[1m^[22m[39m[31m[1m^[22m[39m[31m[1m^[22m[39m[31m[1m^[22m[39m[31m[1m^[22m[39m[31m[1m^[22m[39m[31m[1m^[22m[39m[31m[1m^[22m[39m[31m[1m^[22m[39m[31m[1m^[22m[39m[31m[1m^[22m[39m[31m[1m^[22m[39m[31m[1m^[22m[39m[31m[1m^[22m[39m[31m[1m^[22m[39m[31m[1m^[22m[39m[31m[1m^[22m[39m[31m[1m^[22m[39m[31m[1m^[22m[39m[31m[1m^[22m[39m[31m[1m^[22m[39m[31m[1m^[22m[39m[31m[1m^[22m[39m[31m[1m^[22m[39m[31m[1m^[22m[39m[31m[1m^[22m[39m[31m[1m^[22m[39m[31m[1m^[22m[39m[31m[1m^[22m[39m[31m[1m^[22m[39m[31m[1m^[22m[39m[31m[1m^[22m[39m[31m[1m^[22m[39m[31m[1m^[22m[39m[31m[1m^[22m[39m[31m[1m^[22m[39m[31m[1m^[22m[39m[31m[1m^[22m[39m[31m[1m^[22m[39m[31m[1m^[22m[39m[31m[1m^[22m[39m[31m[1m^[22m[39m[31m[1m^[22m[39m[31m[1m^[22m[39m[31m[1m^[22m[39m[31m[1m^[22m[39m[31m[1m^[22m[39m[31m[1m^[22m[39m[31m[1m^[22m[39m[31m[1m^[22m[39m[31m[1m^[22m[39m[31m[1m^[22m[39m[31m[1m^[22m[39m[31m[1m^[22m[39m[31m[1m^[22m[39m[31m[1m^[22m[39m[31m[1m^[22m[39m
 [90m 5 |[39m [36mimport[39m { [33mButton[39m } [36mfrom[39m [32m"@/components/ui/button"[39m[33m;[39m
 [90m 6 |[39m [36mimport[39m { [33mCard[39m[33m,[39m [33mCardContent[39m[33m,[39m [33mCardHeader[39m } [36mfrom[39m [32m"@/components/ui/card"[39m[33m;[39m
 [90m 7 |[39m [36mimport[39m { [33mLoader2[39m[33m,[39m [33mFileText[39m[33m,[39m [33mCalendar[39m[33m,[39m [33mTrash2[39m[33m,[39m [33mAlertTriangle[39m } [36mfrom[39m [32m"lucide-react"[39m[33m;[39m[0m

The export fetchTrendSummaries was not found in module [project]/src/lib/api.ts [app-ssr] (ecmascript).
Did you mean to import getTrendSummaries?
All exports of the module are statically known (It doesn't have dynamic exports). So it's known statically that the requested export doesn't exist.

Import traces:
  Client Component Browser:
    ./src/app/trends/page.tsx [Client Component Browser]
    ./src/app/trends/page.tsx [Server Component]

  Client Component SSR:
    ./src/app/trends/page.tsx [Client Component SSR]
    ./src/app/trends/page.tsx [Server Component]


 GET /trends 500 in 20ms (compile: 13ms, render: 7ms)
 ⨯ ./src/app/layout.tsx:23:25
Parsing ecmascript source code failed
[0m [90m 21 |[39m [32m  return ([39m
 [90m 22 |[39m [32m    <html lang="en">[39m
[31m[1m>[22m[39m[90m 23 |[39m [32m      <body className={`[39m${ inter[33m.[39mvariable } ${ playfair[33m.[39mvariable } font [33m-[39m sans bg [33m-[39m background text [33m-[39m foreground antialiased[32m`}>[39m
 [90m    |[39m                         [31m[1m^[22m[39m
 [90m 24 |[39m [32m        <Navbar />[39m
 [90m 25 |[39m [32m        <main className="min-h-screen bg-background">[39m
 [90m 26 |[39m [32m          {children}[39m[0m

Expected ';', '}' or <eof>



./src/app/trends/page.tsx:4:1
Export fetchTrendSummaries doesn't exist in target module
[0m [90m 2 |[39m
 [90m 3 |[39m [36mimport[39m { useEffect[33m,[39m useState } [36mfrom[39m [32m"react"[39m[33m;[39m
[31m[1m>[22m[39m[90m 4 |[39m [36mimport[39m { fetchTrendSummaries[33m,[39m deleteTrendSummary } [36mfrom[39m [32m"@/lib/api"[39m[33m;[39m
 [90m   |[39m [31m[1m^[22m[39m[31m[1m^[22m[39m[31m[1m^[22m[39m[31m[1m^[22m[39m[31m[1m^[22m[39m[31m[1m^[22m[39m[31m[1m^[22m[39m[31m[1m^[22m[39m[31m[1m^[22m[39m[31m[1m^[22m[39m[31m[1m^[22m[39m[31m[1m^[22m[39m[31m[1m^[22m[39m[31m[1m^[22m[39m[31m[1m^[22m[39m[31m[1m^[22m[39m[31m[1m^[22m[39m[31m[1m^[22m[39m[31m[1m^[22m[39m[31m[1m^[22m[39m[31m[1m^[22m[39m[31m[1m^[22m[39m[31m[1m^[22m[39m[31m[1m^[22m[39m[31m[1m^[22m[39m[31m[1m^[22m[39m[31m[1m^[22m[39m[31m[1m^[22m[39m[31m[1m^[22m[39m[31m[1m^[22m[39m[31m[1m^[22m[39m[31m[1m^[22m[39m[31m[1m^[22m[39m[31m[1m^[22m[39m[31m[1m^[22m[39m[31m[1m^[22m[39m[31m[1m^[22m[39m[31m[1m^[22m[39m[31m[1m^[22m[39m[31m[1m^[22m[39m[31m[1m^[22m[39m[31m[1m^[22m[39m[31m[1m^[22m[39m[31m[1m^[22m[39m[31m[1m^[22m[39m[31m[1m^[22m[39m[31m[1m^[22m[39m[31m[1m^[22m[39m[31m[1m^[22m[39m[31m[1m^[22m[39m[31m[1m^[22m[39m[31m[1m^[22m[39m[31m[1m^[22m[39m[31m[1m^[22m[39m[31m[1m^[22m[39m[31m[1m^[22m[39m[31m[1m^[22m[39m[31m[1m^[22m[39m[31m[1m^[22m[39m[31m[1m^[22m[39m[31m[1m^[22m[39m[31m[1m^[22m[39m[31m[1m^[22m[39m[31m[1m^[22m[39m[31m[1m^[22m[39m[31m[1m^[22m[39m[31m[1m^[22m[39m[31m[1m^[22m[39m
 [90m 5 |[39m [36mimport[39m { [33mButton[39m } [36mfrom[39m [32m"@/components/ui/button"[39m[33m;[39m
 [90m 6 |[39m [36mimport[39m { [33mCard[39m[33m,[39m [33mCardContent[39m[33m,[39m [33mCardHeader[39m } [36mfrom[39m [32m"@/components/ui/card"[39m[33m;[39m
 [90m 7 |[39m [36mimport[39m { [33mLoader2[39m[33m,[39m [33mFileText[39m[33m,[39m [33mCalendar[39m[33m,[39m [33mTrash2[39m[33m,[39m [33mAlertTriangle[39m } [36mfrom[39m [32m"lucide-react"[39m[33m;[39m[0m

The export fetchTrendSummaries was not found in module [project]/src/lib/api.ts [app-client] (ecmascript).
Did you mean to import getTrendSummaries?
All exports of the module are statically known (It doesn't have dynamic exports). So it's known statically that the requested export doesn't exist.

Import traces:
  Client Component Browser:
    ./src/app/trends/page.tsx [Client Component Browser]
    ./src/app/trends/page.tsx [Server Component]

  Client Component SSR:
    ./src/app/trends/page.tsx [Client Component SSR]
    ./src/app/trends/page.tsx [Server Component]



./src/app/trends/page.tsx:4:1
Export fetchTrendSummaries doesn't exist in target module
[0m [90m 2 |[39m
 [90m 3 |[39m [36mimport[39m { useEffect[33m,[39m useState } [36mfrom[39m [32m"react"[39m[33m;[39m
[31m[1m>[22m[39m[90m 4 |[39m [36mimport[39m { fetchTrendSummaries[33m,[39m deleteTrendSummary } [36mfrom[39m [32m"@/lib/api"[39m[33m;[39m
 [90m   |[39m [31m[1m^[22m[39m[31m[1m^[22m[39m[31m[1m^[22m[39m[31m[1m^[22m[39m[31m[1m^[22m[39m[31m[1m^[22m[39m[31m[1m^[22m[39m[31m[1m^[22m[39m[31m[1m^[22m[39m[31m[1m^[22m[39m[31m[1m^[22m[39m[31m[1m^[22m[39m[31m[1m^[22m[39m[31m[1m^[22m[39m[31m[1m^[22m[39m[31m[1m^[22m[39m[31m[1m^[22m[39m[31m[1m^[22m[39m[31m[1m^[22m[39m[31m[1m^[22m[39m[31m[1m^[22m[39m[31m[1m^[22m[39m[31m[1m^[22m[39m[31m[1m^[22m[39m[31m[1m^[22m[39m[31m[1m^[22m[39m[31m[1m^[22m[39m[31m[1m^[22m[39m[31m[1m^[22m[39m[31m[1m^[22m[39m[31m[1m^[22m[39m[31m[1m^[22m[39m[31m[1m^[22m[39m[31m[1m^[22m[39m[31m[1m^[22m[39m[31m[1m^[22m[39m[31m[1m^[22m[39m[31m[1m^[22m[39m[31m[1m^[22m[39m[31m[1m^[22m[39m[31m[1m^[22m[39m[31m[1m^[22m[39m[31m[1m^[22m[39m[31m[1m^[22m[39m[31m[1m^[22m[39m[31m[1m^[22m[39m[31m[1m^[22m[39m[31m[1m^[22m[39m[31m[1m^[22m[39m[31m[1m^[22m[39m[31m[1m^[22m[39m[31m[1m^[22m[39m[31m[1m^[22m[39m[31m[1m^[22m[39m[31m[1m^[22m[39m[31m[1m^[22m[39m[31m[1m^[22m[39m[31m[1m^[22m[39m[31m[1m^[22m[39m[31m[1m^[22m[39m[31m[1m^[22m[39m[31m[1m^[22m[39m[31m[1m^[22m[39m[31m[1m^[22m[39m[31m[1m^[22m[39m[31m[1m^[22m[39m[31m[1m^[22m[39m[31m[1m^[22m[39m
 [90m 5 |[39m [36mimport[39m { [33mButton[39m } [36mfrom[39m [32m"@/components/ui/button"[39m[33m;[39m
 [90m 6 |[39m [36mimport[39m { [33mCard[39m[33m,[39m [33mCardContent[39m[33m,[39m [33mCardHeader[39m } [36mfrom[39m [32m"@/components/ui/card"[39m[33m;[39m
 [90m 7 |[39m [36mimport[39m { [33mLoader2[39m[33m,[39m [33mFileText[39m[33m,[39m [33mCalendar[39m[33m,[39m [33mTrash2[39m[33m,[39m [33mAlertTriangle[39m } [36mfrom[39m [32m"lucide-react"[39m[33m;[39m[0m

The export fetchTrendSummaries was not found in module [project]/src/lib/api.ts [app-ssr] (ecmascript).
Did you mean to import getTrendSummaries?
All exports of the module are statically known (It doesn't have dynamic exports). So it's known statically that the requested export doesn't exist.

Import traces:
  Client Component Browser:
    ./src/app/trends/page.tsx [Client Component Browser]
    ./src/app/trends/page.tsx [Server Component]

  Client Component SSR:
    ./src/app/trends/page.tsx [Client Component SSR]
    ./src/app/trends/page.tsx [Server Component]


 GET /trends 500 in 9ms (compile: 4ms, render: 4ms)
 ⨯ ./src/app/layout.tsx:23:25
Parsing ecmascript source code failed
[0m [90m 21 |[39m [32m  return ([39m
 [90m 22 |[39m [32m    <html lang="en">[39m
[31m[1m>[22m[39m[90m 23 |[39m [32m      <body className={`[39m${ inter[33m.[39mvariable } ${ playfair[33m.[39mvariable } font [33m-[39m sans bg [33m-[39m background text [33m-[39m foreground antialiased[32m`}>[39m
 [90m    |[39m                         [31m[1m^[22m[39m
 [90m 24 |[39m [32m        <Navbar />[39m
 [90m 25 |[39m [32m        <main className="min-h-screen bg-background">[39m
 [90m 26 |[39m [32m          {children}[39m[0m

Expected ';', '}' or <eof>


 GET / 500 in 33ms (compile: 26ms, render: 8ms)
 ✓ Compiled in 923ms
 ✓ Compiled in 90ms
 ✓ Compiled in 49ms
 GET / 200 in 244ms (compile: 117ms, render: 127ms)
 GET /curation 200 in 229ms (compile: 84ms, render: 145ms)
 ⨯ ./src/app/trends/page.tsx:4:1
Export fetchTrendSummaries doesn't exist in target module
[0m [90m 2 |[39m
 [90m 3 |[39m [36mimport[39m { useEffect[33m,[39m useState } [36mfrom[39m [32m"react"[39m[33m;[39m
[31m[1m>[22m[39m[90m 4 |[39m [36mimport[39m { fetchTrendSummaries[33m,[39m deleteTrendSummary } [36mfrom[39m [32m"@/lib/api"[39m[33m;[39m
 [90m   |[39m [31m[1m^[22m[39m[31m[1m^[22m[39m[31m[1m^[22m[39m[31m[1m^[22m[39m[31m[1m^[22m[39m[31m[1m^[22m[39m[31m[1m^[22m[39m[31m[1m^[22m[39m[31m[1m^[22m[39m[31m[1m^[22m[39m[31m[1m^[22m[39m[31m[1m^[22m[39m[31m[1m^[22m[39m[31m[1m^[22m[39m[31m[1m^[22m[39m[31m[1m^[22m[39m[31m[1m^[22m[39m[31m[1m^[22m[39m[31m[1m^[22m[39m[31m[1m^[22m[39m[31m[1m^[22m[39m[31m[1m^[22m[39m[31m[1m^[22m[39m[31m[1m^[22m[39m[31m[1m^[22m[39m[31m[1m^[22m[39m[31m[1m^[22m[39m[31m[1m^[22m[39m[31m[1m^[22m[39m[31m[1m^[22m[39m[31m[1m^[22m[39m[31m[1m^[22m[39m[31m[1m^[22m[39m[31m[1m^[22m[39m[31m[1m^[22m[39m[31m[1m^[22m[39m[31m[1m^[22m[39m[31m[1m^[22m[39m[31m[1m^[22m[39m[31m[1m^[22m[39m[31m[1m^[22m[39m[31m[1m^[22m[39m[31m[1m^[22m[39m[31m[1m^[22m[39m[31m[1m^[22m[39m[31m[1m^[22m[39m[31m[1m^[22m[39m[31m[1m^[22m[39m[31m[1m^[22m[39m[31m[1m^[22m[39m[31m[1m^[22m[39m[31m[1m^[22m[39m[31m[1m^[22m[39m[31m[1m^[22m[39m[31m[1m^[22m[39m[31m[1m^[22m[39m[31m[1m^[22m[39m[31m[1m^[22m[39m[31m[1m^[22m[39m[31m[1m^[22m[39m[31m[1m^[22m[39m[31m[1m^[22m[39m[31m[1m^[22m[39m[31m[1m^[22m[39m[31m[1m^[22m[39m[31m[1m^[22m[39m[31m[1m^[22m[39m[31m[1m^[22m[39m
 [90m 5 |[39m [36mimport[39m { [33mButton[39m } [36mfrom[39m [32m"@/components/ui/button"[39m[33m;[39m
 [90m 6 |[39m [36mimport[39m { [33mCard[39m[33m,[39m [33mCardContent[39m[33m,[39m [33mCardHeader[39m } [36mfrom[39m [32m"@/components/ui/card"[39m[33m;[39m
 [90m 7 |[39m [36mimport[39m { [33mLoader2[39m[33m,[39m [33mFileText[39m[33m,[39m [33mCalendar[39m[33m,[39m [33mTrash2[39m[33m,[39m [33mAlertTriangle[39m } [36mfrom[39m [32m"lucide-react"[39m[33m;[39m[0m

The export fetchTrendSummaries was not found in module [project]/src/lib/api.ts [app-client] (ecmascript).
Did you mean to import getTrendSummaries?
All exports of the module are statically known (It doesn't have dynamic exports). So it's known statically that the requested export doesn't exist.

Import traces:
  Client Component Browser:
    ./src/app/trends/page.tsx [Client Component Browser]
    ./src/app/trends/page.tsx [Server Component]

  Client Component SSR:
    ./src/app/trends/page.tsx [Client Component SSR]
    ./src/app/trends/page.tsx [Server Component]



./src/app/trends/page.tsx:4:1
Export fetchTrendSummaries doesn't exist in target module
[0m [90m 2 |[39m
 [90m 3 |[39m [36mimport[39m { useEffect[33m,[39m useState } [36mfrom[39m [32m"react"[39m[33m;[39m
[31m[1m>[22m[39m[90m 4 |[39m [36mimport[39m { fetchTrendSummaries[33m,[39m deleteTrendSummary } [36mfrom[39m [32m"@/lib/api"[39m[33m;[39m
 [90m   |[39m [31m[1m^[22m[39m[31m[1m^[22m[39m[31m[1m^[22m[39m[31m[1m^[22m[39m[31m[1m^[22m[39m[31m[1m^[22m[39m[31m[1m^[22m[39m[31m[1m^[22m[39m[31m[1m^[22m[39m[31m[1m^[22m[39m[31m[1m^[22m[39m[31m[1m^[22m[39m[31m[1m^[22m[39m[31m[1m^[22m[39m[31m[1m^[22m[39m[31m[1m^[22m[39m[31m[1m^[22m[39m[31m[1m^[22m[39m[31m[1m^[22m[39m[31m[1m^[22m[39m[31m[1m^[22m[39m[31m[1m^[22m[39m[31m[1m^[22m[39m[31m[1m^[22m[39m[31m[1m^[22m[39m[31m[1m^[22m[39m[31m[1m^[22m[39m[31m[1m^[22m[39m[31m[1m^[22m[39m[31m[1m^[22m[39m[31m[1m^[22m[39m[31m[1m^[22m[39m[31m[1m^[22m[39m[31m[1m^[22m[39m[31m[1m^[22m[39m[31m[1m^[22m[39m[31m[1m^[22m[39m[31m[1m^[22m[39m[31m[1m^[22m[39m[31m[1m^[22m[39m[31m[1m^[22m[39m[31m[1m^[22m[39m[31m[1m^[22m[39m[31m[1m^[22m[39m[31m[1m^[22m[39m[31m[1m^[22m[39m[31m[1m^[22m[39m[31m[1m^[22m[39m[31m[1m^[22m[39m[31m[1m^[22m[39m[31m[1m^[22m[39m[31m[1m^[22m[39m[31m[1m^[22m[39m[31m[1m^[22m[39m[31m[1m^[22m[39m[31m[1m^[22m[39m[31m[1m^[22m[39m[31m[1m^[22m[39m[31m[1m^[22m[39m[31m[1m^[22m[39m[31m[1m^[22m[39m[31m[1m^[22m[39m[31m[1m^[22m[39m[31m[1m^[22m[39m[31m[1m^[22m[39m[31m[1m^[22m[39m[31m[1m^[22m[39m[31m[1m^[22m[39m
 [90m 5 |[39m [36mimport[39m { [33mButton[39m } [36mfrom[39m [32m"@/components/ui/button"[39m[33m;[39m
 [90m 6 |[39m [36mimport[39m { [33mCard[39m[33m,[39m [33mCardContent[39m[33m,[39m [33mCardHeader[39m } [36mfrom[39m [32m"@/components/ui/card"[39m[33m;[39m
 [90m 7 |[39m [36mimport[39m { [33mLoader2[39m[33m,[39m [33mFileText[39m[33m,[39m [33mCalendar[39m[33m,[39m [33mTrash2[39m[33m,[39m [33mAlertTriangle[39m } [36mfrom[39m [32m"lucide-react"[39m[33m;[39m[0m

The export fetchTrendSummaries was not found in module [project]/src/lib/api.ts [app-ssr] (ecmascript).
Did you mean to import getTrendSummaries?
All exports of the module are statically known (It doesn't have dynamic exports). So it's known statically that the requested export doesn't exist.

Import traces:
  Client Component Browser:
    ./src/app/trends/page.tsx [Client Component Browser]
    ./src/app/trends/page.tsx [Server Component]

  Client Component SSR:
    ./src/app/trends/page.tsx [Client Component SSR]
    ./src/app/trends/page.tsx [Server Component]


 GET /trends 500 in 59ms (compile: 47ms, render: 12ms)
 ✓ Compiled in 32ms
 GET / 200 in 237ms (compile: 30ms, render: 207ms)
 GET /curation 200 in 64ms (compile: 13ms, render: 51ms)
 GET /trends 200 in 992ms (compile: 396ms, render: 596ms)
 GET / 200 in 209ms (compile: 34ms, render: 175ms)
 GET /curation 200 in 214ms (compile: 50ms, render: 164ms)
 GET /trends 200 in 292ms (compile: 12ms, render: 279ms)
 GET /trends 200 in 130ms (compile: 5ms, render: 124ms)
 GET /trends 200 in 64ms (compile: 9ms, render: 55ms)
 GET /trends 200 in 59ms (compile: 3ms, render: 57ms)
 ⚠ Fast Refresh had to perform a full reload due to a runtime error.
 ✓ Compiled in 67ms
 GET /trends 200 in 680ms (compile: 211ms, render: 469ms)
 GET / 200 in 80ms (compile: 2ms, render: 78ms)
 GET /curation 200 in 244ms (compile: 11ms, render: 233ms)
 GET /trends 200 in 2.6s (compile: 19ms, render: 2.5s)
 GET /trends 200 in 500ms (compile: 75ms, render: 425ms)
 GET / 200 in 12ms (compile: 4ms, render: 8ms)
 GET / 200 in 12ms (compile: 3ms, render: 9ms)
 GET /curation 200 in 12ms (compile: 6ms, render: 7ms)
 GET /trends 200 in 11ms (compile: 4ms, render: 7ms)
 GET /admin 200 in 278ms (compile: 263ms, render: 15ms)
 GET /admin/feeds 200 in 198ms (compile: 182ms, render: 16ms)
 GET /admin 200 in 13ms (compile: 4ms, render: 9ms)
 GET /admin 200 in 16ms (compile: 3ms, render: 13ms)
 GET /admin 200 in 9ms (compile: 1060µs, render: 8ms)
 GET /trends 200 in 9ms (compile: 2ms, render: 7ms)
 GET / 200 in 21ms (compile: 8ms, render: 13ms)
 GET / 200 in 8ms (compile: 1126µs, render: 7ms)
 ✓ Compiled in 167ms
 ✓ Compiled in 28ms
 GET /curation 200 in 313ms (compile: 102ms, render: 210ms)
 GET /admin 200 in 15ms (compile: 4ms, render: 11ms)
 GET /curation 200 in 13ms (compile: 5ms, render: 9ms)
 GET /trends 200 in 12ms (compile: 3ms, render: 9ms)
 GET /admin 200 in 14ms (compile: 4ms, render: 10ms)
 GET /admin/trends 200 in 324ms (compile: 311ms, render: 13ms)
