INFO:     Will watch for changes in these directories: ['/Users/mariano/workspace/foresight_trend_tool']
INFO:     Uvicorn running on http://127.0.0.1:8000 (Press CTRL+C to quit)
INFO:     Started reloader process [30517] using StatReload
Process SpawnProcess-1:
Traceback (most recent call last):
  File "/Library/Developer/CommandLineTools/Library/Frameworks/Python3.framework/Versions/3.9/lib/python3.9/multiprocessing/process.py", line 315, in _bootstrap
    self.run()
  File "/Library/Developer/CommandLineTools/Library/Frameworks/Python3.framework/Versions/3.9/lib/python3.9/multiprocessing/process.py", line 108, in run
    self._target(*self._args, **self._kwargs)
  File "/Users/mariano/workspace/foresight_trend_tool/backend/venv/lib/python3.9/site-packages/uvicorn/_subprocess.py", line 80, in subprocess_started
    target(sockets=sockets)
  File "/Users/mariano/workspace/foresight_trend_tool/backend/venv/lib/python3.9/site-packages/uvicorn/server.py", line 67, in run
    return asyncio_run(self.serve(sockets=sockets), loop_factory=self.config.get_loop_factory())
  File "/Users/mariano/workspace/foresight_trend_tool/backend/venv/lib/python3.9/site-packages/uvicorn/_compat.py", line 60, in asyncio_run
    return loop.run_until_complete(main)
  File "/Library/Developer/CommandLineTools/Library/Frameworks/Python3.framework/Versions/3.9/lib/python3.9/asyncio/base_events.py", line 642, in run_until_complete
    return future.result()
  File "/Users/mariano/workspace/foresight_trend_tool/backend/venv/lib/python3.9/site-packages/uvicorn/server.py", line 71, in serve
    await self._serve(sockets)
  File "/Users/mariano/workspace/foresight_trend_tool/backend/venv/lib/python3.9/site-packages/uvicorn/server.py", line 78, in _serve
    config.load()
  File "/Users/mariano/workspace/foresight_trend_tool/backend/venv/lib/python3.9/site-packages/uvicorn/config.py", line 439, in load
    self.loaded_app = import_from_string(self.app)
  File "/Users/mariano/workspace/foresight_trend_tool/backend/venv/lib/python3.9/site-packages/uvicorn/importer.py", line 19, in import_from_string
    module = importlib.import_module(module_str)
  File "/Library/Developer/CommandLineTools/Library/Frameworks/Python3.framework/Versions/3.9/lib/python3.9/importlib/__init__.py", line 127, in import_module
    return _bootstrap._gcd_import(name[level:], package, level)
  File "<frozen importlib._bootstrap>", line 1030, in _gcd_import
  File "<frozen importlib._bootstrap>", line 1007, in _find_and_load
  File "<frozen importlib._bootstrap>", line 986, in _find_and_load_unlocked
  File "<frozen importlib._bootstrap>", line 680, in _load_unlocked
  File "<frozen importlib._bootstrap_external>", line 850, in exec_module
  File "<frozen importlib._bootstrap>", line 228, in _call_with_frames_removed
  File "/Users/mariano/workspace/foresight_trend_tool/backend/main.py", line 4, in <module>
    from .routers import feeds, articles, settings, curation, logs
  File "/Users/mariano/workspace/foresight_trend_tool/backend/routers/feeds.py", line 4, in <module>
    from .. import models, schemas, database
  File "/Users/mariano/workspace/foresight_trend_tool/backend/models.py", line 81, in <module>
    class SystemLog(Base):
  File "/Users/mariano/workspace/foresight_trend_tool/backend/models.py", line 89, in SystemLog
    details = Column(JSON, nullable=True)
NameError: name 'JSON' is not defined
